#
# There is insufficient memory for the Java Runtime Environment to continue.
# Native memory allocation (mmap) failed to map 134217728 bytes for G1 virtual space
# Possible reasons:
#   The system is out of physical RAM or swap space
#   The process is running with CompressedOops enabled, and the Java Heap may be blocking the growth of the native heap
# Possible solutions:
#   Reduce memory load on the system
#   Increase physical memory or swap space
#   Check if swap backing store is full
#   Decrease Java heap size (-Xmx/-Xms)
#   Decrease number of Java threads
#   Decrease Java thread stack sizes (-Xss)
#   Set larger code cache with -XX:ReservedCodeCacheSize=
#   JVM is running with Unscaled Compressed Oops mode in which the Java heap is
#     placed in the first 4GB address space. The Java Heap base address is the
#     maximum limit for the native heap growth. Please use -XX:HeapBaseMinAddress
#     to set the Java Heap base and to place the Java Heap above 4GB virtual address.
# This output file may be truncated or incomplete.
#
#  Out of Memory Error (os_windows.cpp:3466), pid=3044, tid=11536
#
# JRE version:  (16.0.1+9) (build )
# Java VM: Java HotSpot(TM) 64-Bit Server VM (16.0.1+9-24, mixed mode, sharing, tiered, compressed oops, compressed class ptrs, g1 gc, windows-amd64)
# No core dump will be written. Minidumps are not enabled by default on client versions of Windows
#

---------------  S U M M A R Y ------------

Command Line: -javaagent:E:\Program Files\JetBrains\IntelliJ IDEA 2022.2\lib\idea_rt.jar=58121:E:\Program Files\JetBrains\IntelliJ IDEA 2022.2\bin -Dfile.encoding=UTF-8 Ejercicio8Kt

Host: Intel(R) Core(TM) i5-3320M CPU @ 2.60GHz, 4 cores, 7G,  Windows 10 , 64 bit Build 19041 (10.0.19041.1889)
Time: Wed Oct 12 00:27:12 2022 Hora estándar, América Central elapsed time: 0.310404 seconds (0d 0h 0m 0s)

---------------  T H R E A D  ---------------

Current thread (0x00000273bf1317b0):  JavaThread "Unknown thread" [_thread_in_vm, id=11536, stack(0x000000baab200000,0x000000baab300000)]

Stack: [0x000000baab200000,0x000000baab300000]
Native frames: (J=compiled Java code, j=interpreted, Vv=VM code, C=native code)
V  [jvm.dll+0x6687ca]
V  [jvm.dll+0x7ca3c9]
V  [jvm.dll+0x7cbb53]
V  [jvm.dll+0x7cc1b3]
V  [jvm.dll+0x242ea5]
V  [jvm.dll+0x665589]
V  [jvm.dll+0x65a175]
V  [jvm.dll+0x2fc5ab]
V  [jvm.dll+0x3037a6]
V  [jvm.dll+0x352fee]
V  [jvm.dll+0x35321f]
V  [jvm.dll+0x2d3618]
V  [jvm.dll+0x2d4854]
V  [jvm.dll+0x79ccb1]
V  [jvm.dll+0x360de1]
V  [jvm.dll+0x77a990]
V  [jvm.dll+0x3e55af]
V  [jvm.dll+0x3e7081]
C  [jli.dll+0x52fb]
C  [ucrtbase.dll+0x21bb2]
C  [KERNEL32.DLL+0x17034]
C  [ntdll.dll+0x526a1]


---------------  P R O C E S S  ---------------

Threads class SMR info:
_java_thread_list=0x00007ffa6144cbb8, length=0, elements={
}

Java Threads: ( => current thread )

Other Threads:
  0x00000273bf16d270 GCTaskThread "GC Thread#0" [stack: 0x000000baab300000,0x000000baab400000] [id=9496]
  0x00000273bf17def0 ConcurrentGCThread "G1 Main Marker" [stack: 0x000000baab400000,0x000000baab500000] [id=15524]
  0x00000273bf17f100 ConcurrentGCThread "G1 Conc#0" [stack: 0x000000baab500000,0x000000baab600000] [id=11240]

[error occurred during error reporting (printing all threads), id 0xc0000005, EXCEPTION_ACCESS_VIOLATION (0xc0000005) at pc=0x00007ffa60c244d7]

VM state: not at safepoint (not fully initialized)

VM Mutex/Monitor currently owned by a thread:  ([mutex/lock_event])
[0x00000273bf12df00] Heap_lock - owner thread: 0x00000273bf1317b0

Heap address: 0x0000000081e00000, size: 2018 MB, Compressed Oops mode: 32-bit

CDS archive(s) mapped at: [0x0000000000000000-0x0000000000000000-0x0000000000000000), size 0, SharedBaseAddress: 0x0000000800000000, ArchiveRelocationMode: 0.
Narrow klass base: 0x0000000000000000, Narrow klass shift: 0, Narrow klass range: 0x0

GC Precious Log:
<Empty>

Heap:
 garbage-first heap   total 0K, used 0K [0x0000000081e00000, 0x0000000100000000)
  region size 1024K, 0 young (0K), 0 survivors (0K)

[error occurred during error reporting (printing heap information), id 0xc0000005, EXCEPTION_ACCESS_VIOLATION (0xc0000005) at pc=0x00007ffa610024ed]

GC Heap History (0 events):
No events

Deoptimization events (0 events):
No events

Classes unloaded (0 events):
No events

Classes redefined (0 events):
No events

Internal exceptions (0 events):
No events

Events (1 events):
Event: 0.245 Loaded shared library C:\Program Files\Java\jdk-16.0.1\bin\java.dll


Dynamic libraries:
0x00007ff6357d0000 - 0x00007ff6357e0000 	C:\Program Files\Java\jdk-16.0.1\bin\java.exe
0x00007ffa9a990000 - 0x00007ffa9ab88000 	C:\WINDOWS\SYSTEM32\ntdll.dll
0x00007ffa9a890000 - 0x00007ffa9a94d000 	C:\WINDOWS\System32\KERNEL32.DLL
0x00007ffa98120000 - 0x00007ffa983ee000 	C:\WINDOWS\System32\KERNELBASE.dll
0x00007ffa988f0000 - 0x00007ffa989f0000 	C:\WINDOWS\System32\ucrtbase.dll
0x00007ffa8c330000 - 0x00007ffa8c348000 	C:\Program Files\Java\jdk-16.0.1\bin\jli.dll
0x00007ffa8c150000 - 0x00007ffa8c169000 	C:\Program Files\Java\jdk-16.0.1\bin\VCRUNTIME140.dll
0x00007ffa99d20000 - 0x00007ffa99dce000 	C:\WINDOWS\System32\ADVAPI32.dll
0x00007ffa989f0000 - 0x00007ffa98a8e000 	C:\WINDOWS\System32\msvcrt.dll
0x00007ffa9a420000 - 0x00007ffa9a4bc000 	C:\WINDOWS\System32\sechost.dll
0x00007ffa99a30000 - 0x00007ffa99b55000 	C:\WINDOWS\System32\RPCRT4.dll
0x00007ffa99b60000 - 0x00007ffa99d00000 	C:\WINDOWS\System32\USER32.dll
0x00007ffa869d0000 - 0x00007ffa86c6a000 	C:\WINDOWS\WinSxS\amd64_microsoft.windows.common-controls_6595b64144ccf1df_6.0.19041.1110_none_60b5254171f9507e\COMCTL32.dll
0x00007ffa98870000 - 0x00007ffa98892000 	C:\WINDOWS\System32\win32u.dll
0x00007ffa99170000 - 0x00007ffa9919a000 	C:\WINDOWS\System32\GDI32.dll
0x00007ffa98690000 - 0x00007ffa9879b000 	C:\WINDOWS\System32\gdi32full.dll
0x00007ffa987a0000 - 0x00007ffa9883d000 	C:\WINDOWS\System32\msvcp_win.dll
0x00007ffa89280000 - 0x00007ffa8928a000 	C:\WINDOWS\SYSTEM32\VERSION.dll
0x00007ffa99250000 - 0x00007ffa99280000 	C:\WINDOWS\System32\IMM32.DLL
0x00007ffa93ac0000 - 0x00007ffa93acc000 	C:\Program Files\Java\jdk-16.0.1\bin\vcruntime140_1.dll
0x00007ffa81810000 - 0x00007ffa818a1000 	C:\Program Files\Java\jdk-16.0.1\bin\msvcp140.dll
0x00007ffa60940000 - 0x00007ffa614eb000 	C:\Program Files\Java\jdk-16.0.1\bin\server\jvm.dll
0x00007ffa9a310000 - 0x00007ffa9a318000 	C:\WINDOWS\System32\PSAPI.DLL
0x00007ffa93b60000 - 0x00007ffa93b69000 	C:\WINDOWS\SYSTEM32\WSOCK32.dll
0x00007ffa866d0000 - 0x00007ffa866f7000 	C:\WINDOWS\SYSTEM32\WINMM.dll
0x00007ffa9a320000 - 0x00007ffa9a38b000 	C:\WINDOWS\System32\WS2_32.dll
0x00007ffa95ec0000 - 0x00007ffa95ed2000 	C:\WINDOWS\SYSTEM32\kernel.appcore.dll
0x00007ffa92980000 - 0x00007ffa9298a000 	C:\Program Files\Java\jdk-16.0.1\bin\jimage.dll
0x00007ffa85d30000 - 0x00007ffa85f14000 	C:\WINDOWS\SYSTEM32\DBGHELP.DLL
0x00007ffa84cb0000 - 0x00007ffa84cdc000 	C:\WINDOWS\SYSTEM32\dbgcore.DLL
0x00007ffa98600000 - 0x00007ffa98682000 	C:\WINDOWS\System32\bcryptPrimitives.dll
0x00007ffa8aae0000 - 0x00007ffa8aaee000 	C:\Program Files\Java\jdk-16.0.1\bin\instrument.dll
0x00007ffa8aaf0000 - 0x00007ffa8ab15000 	C:\Program Files\Java\jdk-16.0.1\bin\java.dll

dbghelp: loaded successfully - version: 4.0.5 - missing functions: none
symbol engine: initialized successfully - sym options: 0x614 - pdb path: .;C:\Program Files\Java\jdk-16.0.1\bin;C:\WINDOWS\SYSTEM32;C:\WINDOWS\WinSxS\amd64_microsoft.windows.common-controls_6595b64144ccf1df_6.0.19041.1110_none_60b5254171f9507e;C:\Program Files\Java\jdk-16.0.1\bin\server

VM Arguments:
jvm_args: -javaagent:E:\Program Files\JetBrains\IntelliJ IDEA 2022.2\lib\idea_rt.jar=58121:E:\Program Files\JetBrains\IntelliJ IDEA 2022.2\bin -Dfile.encoding=UTF-8 
java_command: Ejercicio8Kt
java_class_path (initial): E:\GKOTLIN\GUIA2\build\classes\kotlin\main;C:\Users\Admin\.gradle\caches\modules-2\files-2.1\org.jetbrains.kotlin\kotlin-stdlib-jdk8\1.7.10\d70d7d2c56371f7aa18f32e984e3e2e998fe9081\kotlin-stdlib-jdk8-1.7.10.jar;C:\Users\Admin\.gradle\caches\modules-2\files-2.1\org.jetbrains.kotlin\kotlin-stdlib-jdk7\1.7.10\1ef73fee66f45d52c67e2aca12fd945dbe0659bf\kotlin-stdlib-jdk7-1.7.10.jar;C:\Users\Admin\.gradle\caches\modules-2\files-2.1\org.jetbrains.kotlin\kotlin-stdlib\1.7.10\d2abf9e77736acc4450dc4a3f707fa2c10f5099d\kotlin-stdlib-1.7.10.jar;C:\Users\Admin\.gradle\caches\modules-2\files-2.1\org.jetbrains.kotlin\kotlin-stdlib-common\1.7.10\bac80c520d0a9e3f3673bc2658c6ed02ef45a76a\kotlin-stdlib-common-1.7.10.jar;C:\Users\Admin\.gradle\caches\modules-2\files-2.1\org.jetbrains\annotations\13.0\919f0dfe192fb4e063e7dacadee7f8bb9a2672a9\annotations-13.0.jar
Launcher Type: SUN_STANDARD

[Global flags]
     intx CICompilerCount                          = 3                                         {product} {ergonomic}
     uint ConcGCThreads                            = 1                                         {product} {ergonomic}
     uint G1ConcRefinementThreads                  = 4                                         {product} {ergonomic}
   size_t G1HeapRegionSize                         = 1048576                                   {product} {ergonomic}
    uintx GCDrainStackTargetSize                   = 64                                        {product} {ergonomic}
   size_t InitialHeapSize                          = 134217728                                 {product} {ergonomic}
   size_t MarkStackSize                            = 4194304                                   {product} {ergonomic}
   size_t MaxHeapSize                              = 2116026368                                {product} {ergonomic}
   size_t MinHeapDeltaBytes                        = 1048576                                   {product} {ergonomic}
   size_t MinHeapSize                              = 8388608                                   {product} {ergonomic}
    uintx NonNMethodCodeHeapSize                   = 5832780                                {pd product} {ergonomic}
    uintx NonProfiledCodeHeapSize                  = 122912730                              {pd product} {ergonomic}
    uintx ProfiledCodeHeapSize                     = 122912730                              {pd product} {ergonomic}
    uintx ReservedCodeCacheSize                    = 251658240                              {pd product} {ergonomic}
     bool SegmentedCodeCache                       = true                                      {product} {ergonomic}
   size_t SoftMaxHeapSize                          = 2116026368                             {manageable} {ergonomic}
     bool UseCompressedClassPointers               = true                           {product lp64_product} {ergonomic}
     bool UseCompressedOops                        = true                           {product lp64_product} {ergonomic}
     bool UseG1GC                                  = true                                      {product} {ergonomic}
     bool UseLargePagesIndividualAllocation        = false                                  {pd product} {ergonomic}

Logging:
Log output configuration:
 #0: stdout all=warning uptime,level,tags
 #1: stderr all=off uptime,level,tags

Environment Variables:
JAVA_HOME=C:\Program Files\Java\jdk-11.0.1
PATH=C:\Python310\Scripts\;C:\Python310\;C:\Program Files\Common Files\Oracle\Java\javapath;C:\Python38\Scripts\;C:\Python38\;C:\Program Files (x86)\NVIDIA Corporation\PhysX\Common;C:\Program Files (x86)\Intel\iCLS Client\;C:\Program Files\Intel\iCLS Client\;C:\WINDOWS\system32;C:\WINDOWS;C:\WINDOWS\System32\Wbem;C:\WINDOWS\System32\WindowsPowerShell\v1.0\;C:\WINDOWS\System32\OpenSSH\;C:\Program Files\Intel\Intel(R) Management Engine Components\DAL;C:\Program Files\Intel\Intel(R) Management Engine Components\IPT;C:\Program Files (x86)\Intel\Intel(R) Management Engine Components\DAL;C:\Program Files (x86)\Intel\Intel(R) Management Engine Components\IPT;C:\Program Files\Java\jdk-11.0.1\bin;C:\ProgramData\chocolatey\bin;E:\Git\cmd;C:\Program Files\nodejs\;C:\Users\Admin\AppData\Local\Microsoft\WindowsApps;C:\Users\Admin\AppData\Local\atom\bin;C:\Users\Admin\AppData\Local\Programs\Microsoft VS Code\bin;C:\Program Files\sfdx\bin;C:\Users\Admin\AppData\Local\GitHubDesktop\bin;C:\Users\Admin\AppData\Local\Microsoft\WindowsApps;;E:\Program Files\JetBrains\IntelliJ IDEA 2022.2\bin;;C:\Users\Admin\AppData\Roaming\npm;E:\Program Files\heroku\bin
USERNAME=Admin
OS=Windows_NT
PROCESSOR_IDENTIFIER=Intel64 Family 6 Model 58 Stepping 9, GenuineIntel



---------------  S Y S T E M  ---------------

OS:
 Windows 10 , 64 bit Build 19041 (10.0.19041.1889)
OS uptime: 0 days 4:37 hours

CPU: total 4 (initial active 4) (2 cores per cpu, 2 threads per core) family 6 model 58 stepping 9 microcode 0x21, cx8, cmov, fxsr, ht, mmx, sse, sse2, sse3, ssse3, sse4.1, sse4.2, popcnt, tsc, tscinvbit, avx, aes, erms, clmul, vzeroupper, clflush

Memory: 4k page, system-wide physical 8071M (413M free)
TotalPageFile size 10119M (AvailPageFile size 79M)
current process WorkingSet (physical memory assigned to process): 10M, peak: 10M
current process commit charge ("private bytes"): 51M, peak: 179M

vm_info: Java HotSpot(TM) 64-Bit Server VM (16.0.1+9-24) for windows-amd64 JRE (16.0.1+9-24), built on Mar 26 2021 19:31:42 by "mach5one" with MS VC++ 16.7 (VS2019)

END.
